/gpfs/cfel/user/rodria/proc/p09_test/moving_beam/lyso_02_002_100/../lists/lyso_02_002 .lst
0 [737, 839]
fit_val -0.6176396538815261
1 [1105 1207]
0 [737, 839]
fit_val -0.6190154071563292
1 [1105 1207]
fit_val -0.617820080824066
2 [1105 1207]
fit_val -0.617820080824066
3 [1105 1207]
fit_val -0.617820080824066
4 [1105 1207]
fit_val -0.617601064214113
5 [1105  908]
0 [737, 839]
fit_val -0.6168119927456833
1 [1105 1207]
0 [737, 839]
fit_val -0.6175541052352224
1 [1105 1207]
0 [737, 839]
fit_val -0.6170374481493754
1 [1105 1207]
0 [737, 839]
fit_val -0.6171779777250622
1 [1105 1207]
0 [737, 839]
fit_val -0.616777798309135
1 [1105 1207]
0 [737, 839]
fit_val -0.6169416590838442
1 [1105 1207]
0 [737, 839]
fit_val -0.617076244843418
1 [1105 1207]
0 [737, 839]
fit_val -0.6166748270559606
1 [1105 1207]
0 [737, 839]
fit_val -0.619110739949727
1 [1105 1207]
fit_val -0.6176118232266639
2 [1105 1207]
fit_val -0.6176118232266639
3 [1105 1207]
fit_val -0.6176118232266639
4 [1105 1207]
fit_val -0.6173536466214139
5 [1105  908]
0 [737, 839]
fit_val -0.6171080362257371
1 [1105 1207]
0 [737, 839]
fit_val -0.6178562103911879
1 [1105 1207]
fit_val -0.6162719688673546
2 [1105 1207]
fit_val -0.6162719688673546
3 [1105 1207]
fit_val -0.6162719688673546
4 [1105 1207]
fit_val -0.6161042965696513
5 [1105  908]
0 [737, 839]
fit_val -0.6181826977843453
1 [1105 1207]
fit_val -0.6164831731839776
2 [1105 1207]
fit_val -0.6164831731839776
3 [1105 1207]
fit_val -0.6164831731839776
4 [1105 1207]
fit_val -0.6164277667569413
5 [1105  908]
0 [737, 839]
fit_val -0.6176582863877914
1 [1105 1207]
0 [737, 839]
fit_val -0.6167987311519083
1 [1105 1207]
0 [737, 839]
fit_val -0.6172552834576625
1 [1105 1207]
0 [737, 839]
fit_val -0.6176902089645455
1 [1105 1207]
0 [737, 839]
fit_val -0.6175592799303211
1 [1105 1207]
0 [737, 839]
fit_val -0.6187033851102604
1 [1105 1207]
fit_val -0.6169166523998099
2 [1105 1207]
fit_val -0.6169166523998099
3 [1105 1207]
fit_val -0.6169166523998099
4 [1105 1207]
fit_val -0.6169166523998099
5 [1105 1207]
fit_val -0.6164649204537062
6 [1105  923]
0 [737, 839]
fit_val -0.6172108407021696
1 [1105 1207]
0 [737, 839]
fit_val -0.6174865772144824
1 [1105 1207]
0 [737, 839]
fit_val -0.6196986281204857
1 [1105 1207]
fit_val -0.6176910676505047
2 [1105 1207]
fit_val -0.6176910676505047
3 [1105 1207]
fit_val -0.6176910676505047
4 [1105 1207]
fit_val -0.6176910676505047
5 [1105 1207]
fit_val -0.6176910676505047
6 [1105 1207]
fit_val -0.6176910676505047
7 [1105 1207]
fit_val -0.6176910676505047
8 [1105 1207]
fit_val -0.6174137997716284
9 [1105  964]
0 [737, 839]
fit_val -0.61884209918528
1 [1105 1207]
fit_val -0.6173854631322548
2 [1105 1207]
fit_val -0.6173854631322548
3 [1105 1207]
fit_val -0.6173854631322548
4 [1105 1207]
fit_val -0.6172182966871579
5 [1105  908]
0 [737, 839]
fit_val -0.6170570169671956
1 [1105 1207]
0 [737, 839]
fit_val -0.6179168048553222
1 [1105 1207]
fit_val -0.6165441253627681
2 [1105 1207]
fit_val -0.6165441253627681
3 [1105 1207]
fit_val -0.6165441253627681
4 [1105 1207]
fit_val -0.6162951775829311
5 [1105  908]
0 [737, 839]
fit_val -0.6178080254820499
1 [1105 1207]
0 [737, 839]
fit_val -0.6171386485480499
1 [1105 1207]
0 [737, 839]
fit_val -0.6187549940705461
1 [1105 1207]
fit_val -0.6175030328709193
2 [1105 1207]
fit_val -0.6175030328709193
3 [1105 1207]
fit_val -0.6173917925741153
4 [1105  892]
0 [737, 839]
fit_val -0.6172977243084896
1 [1105 1207]
0 [737, 839]
fit_val -0.6190822924666985
1 [1105 1207]
fit_val -0.6170560850218144
2 [1105 1207]
fit_val -0.6170560850218144
3 [1105 1207]
fit_val -0.6170560850218144
4 [1105 1207]
fit_val -0.6170560850218144
5 [1105 1207]
fit_val -0.6170560850218144
6 [1105 1207]
fit_val -0.616952871018283
7 [ 835 1207]
0 [737, 839]
fit_val -0.6177455459023995
1 [1105 1207]
fit_val -0.6162703782830136
2 [1105 1207]
fit_val -0.6162703782830136
3 [1105 1207]
fit_val -0.6162703782830136
4 [1105 1207]
fit_val -0.6162703782830136
5 [1105 1207]
fit_val -0.6160254716372119
6 [1105  923]
0 [737, 839]
fit_val -0.6178525642502815
1 [1105 1207]
0 [737, 839]
fit_val -0.6188184745459033
1 [1105 1207]
fit_val -0.6174468012030699
2 [1105 1207]
fit_val -0.6174468012030699
3 [1105 1207]
fit_val -0.6174468012030699
4 [1105 1207]
fit_val -0.6174468012030699
5 [1105 1207]
fit_val -0.6173289750979706
6 [ 821 1207]
0 [737, 839]
fit_val -0.6189438828091222
1 [1105 1207]
fit_val -0.6173743914179242
2 [1105 1207]
fit_val -0.6173743914179242
3 [1105 1207]
fit_val -0.6173743914179242
4 [1105 1207]
fit_val -0.6173743914179242
5 [1105 1207]
fit_val -0.617220310914872
6 [1105  923]
0 [737, 839]
fit_val -0.6170545710482724
1 [1105 1207]
0 [737, 839]
fit_val -0.6178728012960515
1 [1105 1207]
0 [737, 839]
fit_val -0.6190313746771906
1 [1105 1207]
fit_val -0.6175062610224741
2 [1105 1207]
fit_val -0.6175062610224741
3 [1105 1207]
fit_val -0.6175062610224741
4 [1105 1207]
fit_val -0.6174677414897956
5 [1105  908]
0 [737, 839]
fit_val -0.6179597266667268
1 [1105 1207]
fit_val -0.6164971253596934
2 [1105 1207]
fit_val -0.6164971253596934
3 [1105 1207]
fit_val -0.6161592326315728
4 [1105  892]
0 [737, 839]
fit_val -0.6190158152341391
1 [1105 1207]
fit_val -0.6178331471673881
2 [1105 1207]
fit_val -0.6178331471673881
3 [1105 1207]
fit_val -0.6178331471673881
4 [1105 1207]
fit_val -0.6173828059945792
5 [1105  908]
0 [737, 839]
fit_val -0.6190675799501981
1 [1105 1207]
fit_val -0.6172608284815987
2 [1105 1207]
fit_val -0.6172608284815987
3 [1105 1207]
fit_val -0.6172608284815987
4 [1105 1207]
fit_val -0.6172608284815987
5 [1105 1207]
fit_val -0.6172608284815987
6 [1105 1207]
fit_val -0.6172603988857435
7 [1105  937]
0 [737, 839]
fit_val -0.6171291741099518
1 [1105 1207]
0 [737, 839]
fit_val -0.6171080362257371
1 [1105 1207]
0 [737, 839]
fit_val -0.6189308162257109
1 [1105 1207]
fit_val -0.6168906966928798
2 [1105 1207]
fit_val -0.6168906966928798
3 [1105 1207]
fit_val -0.6168906966928798
4 [1105 1207]
fit_val -0.6168906966928798
5 [1105 1207]
fit_val -0.6168906966928798
6 [1105 1207]
fit_val -0.6166518901800975
7 [1105  937]
0 [737, 839]
fit_val -0.6183673230040116
1 [1105 1207]
fit_val -0.6170018451998557
2 [1105 1207]
fit_val -0.6170018451998557
3 [1105 1207]
fit_val -0.6167976767524881
4 [1105  892]
0 [737, 839]
fit_val -0.6176822887858283
1 [1105 1207]
0 [737, 839]
fit_val -0.6175066588643543
1 [1105 1207]
fit_val -0.6162276656889593
2 [1105 1207]
fit_val -0.6162276656889593
3 [1105 1207]
fit_val -0.6162276656889593
4 [1105 1207]
fit_val -0.6160288464829322
5 [1105  908]
0 [737, 839]
fit_val -0.6192510429341246
1 [1105 1207]
fit_val -0.6174570580643662
2 [1105 1207]
fit_val -0.6174570580643662
3 [1105 1207]
fit_val -0.6174570580643662
4 [1105 1207]
fit_val -0.6174570580643662
5 [1105 1207]
fit_val -0.617096943124163
6 [1105  923]
0 [737, 839]
fit_val -0.6174436859033452
1 [1105 1207]
0 [737, 839]
fit_val -0.6170889577221884
1 [1105 1207]
0 [737, 839]
fit_val -0.6179015326692467
1 [1105 1207]
0 [737, 839]
fit_val -0.6180545507519842
1 [1105 1207]
fit_val -0.6165539717045767
2 [1105 1207]
fit_val -0.6165539717045767
3 [1105 1207]
fit_val -0.6165539717045767
4 [1105 1207]
fit_val -0.6160992717574448
5 [1105  908]
0 [737, 839]
fit_val -0.6187661524997782
1 [1105 1207]
fit_val -0.6167761225361298
2 [1105 1207]
fit_val -0.6167761225361298
3 [1105 1207]
fit_val -0.6167761225361298
4 [1105 1207]
fit_val -0.6167761225361298
5 [1105 1207]
fit_val -0.6167761225361298
6 [1105 1207]
fit_val -0.6165556904294721
7 [1105  937]
0 [737, 839]
fit_val -0.6176750206910675
1 [1105 1207]
0 [737, 839]
fit_val -0.6166208949205673
1 [1105 1207]
0 [737, 839]
fit_val -0.6182165582162862
1 [1105 1207]
fit_val -0.6166502624460433
2 [1105 1207]
fit_val -0.6166502624460433
3 [1105 1207]
fit_val -0.6166502624460433
4 [1105 1207]
fit_val -0.6166140902059571
5 [1105  908]
0 [737, 839]
fit_val -0.6192157203419936
1 [1105 1207]
fit_val -0.6176121943250846
2 [1105 1207]
fit_val -0.6176121943250846
3 [1105 1207]
fit_val -0.6175615602872171
4 [1105  892]
0 [737, 839]
fit_val -0.6170602819696915
1 [1105 1207]
0 [737, 839]
fit_val -0.6187355221522706
1 [1105 1207]
fit_val -0.6174908732443755
2 [1105 1207]
fit_val -0.6174908732443755
3 [1105 1207]
fit_val -0.6172513872516756
4 [1105  892]
0 [737, 839]
fit_val -0.6165902853789724
1 [1105 1207]
0 [737, 839]
fit_val -0.6193313263815898
1 [1105 1207]
fit_val -0.6175055653072344
2 [1105 1207]
fit_val -0.6175055653072344
3 [1105 1207]
fit_val -0.6175055653072344
4 [1105 1207]
fit_val -0.6175055653072344
5 [1105 1207]
fit_val -0.6175055653072344
6 [1105 1207]
fit_val -0.6171168226822882
7 [1105  937]
0 [737, 839]
fit_val -0.6185354828565715
1 [1105 1207]
fit_val -0.6175473169886398
2 [1105 1207]
fit_val -0.6175473169886398
3 [1105 1207]
fit_val -0.6174253360116826
4 [1105  892]
0 [737, 839]
fit_val -0.6176631213124204
1 [1105 1207]
0 [737, 839]
fit_val -0.6179664888180756
1 [1105 1207]
fit_val -0.6164573777460355
2 [1105 1207]
fit_val -0.6164573777460355
3 [1105 1207]
fit_val -0.6164573777460355
4 [1105 1207]
fit_val -0.6164573777460355
5 [1105 1207]
fit_val -0.6161933408150798
6 [1105  923]
0 [737, 839]
fit_val -0.6186534179495846
1 [1105 1207]
fit_val -0.6169916554018646
2 [1105 1207]
fit_val -0.6169916554018646
3 [1105 1207]
fit_val -0.6169916554018646
4 [1105 1207]
fit_val -0.6169485039515183
5 [1105  908]
0 [737, 839]
fit_val -0.6178174850460005
1 [1105 1207]
0 [737, 839]
fit_val -0.6167596010926917
1 [1105 1207]
0 [737, 839]
fit_val -0.61806816001815
1 [1105 1207]
fit_val -0.6167897138453646
2 [1105 1207]
fit_val -0.6167897138453646
3 [1105 1207]
fit_val -0.6167440865669541
4 [1105  892]
0 [737, 839]
fit_val -0.6161089130497206
1 [1105 1207]
0 [737, 839]
fit_val -0.6187020483833254
1 [1105 1207]
fit_val -0.6171830282479784
2 [1105 1207]
fit_val -0.6171830282479784
3 [1105 1207]
fit_val -0.6171830282479784
4 [1105 1207]
fit_val -0.6171830282479784
5 [1105 1207]
fit_val -0.61707659500089
6 [1105  923]
0 [737, 839]
fit_val -0.618929402003475
1 [1105 1207]
fit_val -0.6171818332824565
2 [1105 1207]
fit_val -0.6171818332824565
3 [1105 1207]
fit_val -0.6171818332824565
4 [1105 1207]
fit_val -0.6170808215919854
5 [1105  908]
0 [737, 839]
fit_val -0.6190030168553062
1 [1105 1207]
fit_val -0.6177072776285861
2 [1105 1207]
fit_val -0.6177072776285861
3 [1105 1207]
fit_val -0.6177072776285861
4 [1105 1207]
fit_val -0.6176250512794765
5 [1105  908]
0 [737, 839]
fit_val -0.6186406664624876
1 [1105 1207]
fit_val -0.6172390231146276
2 [1105 1207]
fit_val -0.6172390231146276
3 [1105 1207]
fit_val -0.6171799945049469
4 [1105  892]
0 [737, 839]
fit_val -0.6188235534733676
1 [1105 1207]
fit_val -0.6173584731476983
2 [1105 1207]
fit_val -0.6173584731476983
3 [1105 1207]
fit_val -0.6173584731476983
4 [1105 1207]
fit_val -0.6173584731476983
5 [1105 1207]
fit_val -0.617033682787168
6 [1105  923]
0 [737, 839]
fit_val -0.6175544152525437
1 [1105 1207]
0 [737, 839]
fit_val -0.6179215729087831
1 [1105 1207]
0 [737, 839]
fit_val -0.6184205882209242
1 [1105 1207]
fit_val -0.6167284077572198
2 [1105 1207]
fit_val -0.6167284077572198
3 [1105 1207]
fit_val -0.6167284077572198
4 [1105 1207]
fit_val -0.6166802089521365
5 [1105  908]
0 [737, 839]
fit_val -0.6174379565791438
1 [1105 1207]
0 [737, 839]
fit_val -0.6180969546758622
1 [1105 1207]
fit_val -0.616834398564163
2 [1105 1207]
fit_val -0.616834398564163
3 [1105 1207]
fit_val -0.616834398564163
4 [1105 1207]
fit_val -0.6167383449747038
5 [1105  908]
0 [737, 839]
fit_val -0.6178832359093919
1 [1105 1207]
fit_val -0.6161228725134129
2 [1105 1207]
fit_val -0.6161228725134129
3 [1105 1207]
fit_val -0.6161228725134129
4 [1105 1207]
fit_val -0.6161228725134129
5 [1105 1207]
fit_val -0.616034953909981
6 [1105  923]
0 [737, 839]
fit_val -0.6164893074254884
1 [1105 1207]
0 [737, 839]
fit_val -0.6174446014887555
1 [1105 1207]
0 [737, 839]
fit_val -0.6172717547572136
1 [1105 1207]
0 [737, 839]
fit_val -0.6184975425738163
1 [1105 1207]
fit_val -0.616724014558209
2 [1105 1207]
fit_val -0.616724014558209
3 [1105 1207]
fit_val -0.616724014558209
4 [1105 1207]
fit_val -0.616724014558209
5 [1105 1207]
fit_val -0.616724014558209
6 [1105 1207]
fit_val -0.6165323475329085
7 [1105  937]
0 [737, 839]
fit_val -0.6188150923295465
1 [1105 1207]
fit_val -0.6170879053635494
2 [1105 1207]
fit_val -0.6170879053635494
3 [1105 1207]
fit_val -0.6170879053635494
4 [1105 1207]
fit_val -0.6170760631304879
5 [1105  908]
0 [737, 839]
fit_val -0.6185593652511165
1 [1105 1207]
fit_val -0.6173757828703885
2 [1105 1207]
fit_val -0.6173757828703885
3 [1105 1207]
fit_val -0.6173757828703885
4 [1105 1207]
fit_val -0.6171880362161158
5 [1105  908]
0 [737, 839]
fit_val -0.6167472926681756
1 [1105 1207]
0 [737, 839]
fit_val -0.6190243133242418
1 [1105 1207]
fit_val -0.6172639862956856
2 [1105 1207]
fit_val -0.6172639862956856
3 [1105 1207]
fit_val -0.6172639862956856
4 [1105 1207]
fit_val -0.6172639862956856
5 [1105 1207]
fit_val -0.6172639862956856
6 [1105 1207]
fit_val -0.6171389124554908
7 [1105  937]
0 [737, 839]
fit_val -0.6168415867368633
1 [1105 1207]
0 [737, 839]
fit_val -0.6166960937824599
1 [1105 1207]
0 [737, 839]
fit_val -0.6188028834551588
1 [1105 1207]
fit_val -0.6170683219071008
2 [1105 1207]
fit_val -0.6170683219071008
3 [1105 1207]
fit_val -0.6170683219071008
4 [1105 1207]
fit_val -0.6170683219071008
5 [1105 1207]
fit_val -0.6165360327777343
6 [1105  923]
0 [737, 839]
fit_val -0.6202103434902573
1 [1105 1207]
fit_val -0.6181733668984324
2 [1105 1207]
fit_val -0.6181733668984324
3 [1105 1207]
fit_val -0.6181733668984324
4 [1105 1207]
fit_val -0.6181733668984324
5 [1105 1207]
fit_val -0.6181733668984324
6 [1105 1207]
fit_val -0.617945177406645
7 [1105  937]
0     0:05:52.726274
1     0:04:56.555374
2     0:07:21.510510
3     0:04:11.954917
4     0:01:13.700602
           ...      
95    0:05:44.047181
96    0:03:33.459570
97    0:01:12.719130
98    0:01:13.837338
99    0:05:03.926694
Name: proc_time, Length: 100, dtype: object
