/gpfs/cfel/user/rodria/proc/p09_test/moving_beam/lyso_02_003_100/../lists/lyso_02_003 .lst
0 [737, 839]
fit_val -0.6176529986685464
1 [1105 1207]
0 [737, 839]
fit_val -0.6175201077125475
1 [1105 1207]
0 [737, 839]
fit_val -0.6166488231772045
1 [1105 1207]
0 [737, 839]
fit_val -0.6186872769649004
1 [1105 1207]
fit_val -0.6165027709382801
2 [1105 1207]
fit_val -0.6165027709382801
3 [1105 1207]
fit_val -0.6165027709382801
4 [1105 1207]
fit_val -0.6165027709382801
5 [1105 1207]
fit_val -0.6165027709382801
6 [1105 1207]
fit_val -0.6165027709382801
7 [1105 1207]
fit_val -0.6164304208359683
8 [1105  951]
0 [737, 839]
fit_val -0.616795972785659
1 [1105 1207]
0 [737, 839]
fit_val -0.6164700205871035
1 [1105 1207]
0 [737, 839]
fit_val -0.6177070331393762
1 [1105 1207]
0 [737, 839]
fit_val -0.6167900763095907
1 [1105 1207]
0 [737, 839]
fit_val -0.6171703542463242
1 [1105 1207]
0 [737, 839]
fit_val -0.6184619909109196
1 [1105 1207]
fit_val -0.6171353000701585
2 [1105 1207]
fit_val -0.6171353000701585
3 [1105 1207]
fit_val -0.6171353000701585
4 [1105 1207]
fit_val -0.6166910788480028
5 [1105  908]
0 [737, 839]
fit_val -0.6178262540076598
1 [1105 1207]
0 [737, 839]
fit_val -0.6165546360310803
1 [1105 1207]
0 [737, 839]
fit_val -0.6178917613583308
1 [1105 1207]
0 [737, 839]
fit_val -0.6171441903776893
1 [1105 1207]
0 [737, 839]
fit_val -0.6174153912800017
1 [1105 1207]
0 [737, 839]
fit_val -0.6181334240188758
1 [1105 1207]
fit_val -0.6168097242496728
2 [1105 1207]
fit_val -0.6168097242496728
3 [1105 1207]
fit_val -0.6168097242496728
4 [1105 1207]
fit_val -0.6164826057499795
5 [1105  908]
0 [737, 839]
fit_val -0.6186632699037238
1 [1105 1207]
fit_val -0.6170142655398283
2 [1105 1207]
fit_val -0.6170142655398283
3 [1105 1207]
fit_val -0.6168974702858859
4 [1105  892]
0 [737, 839]
fit_val -0.6184557098885204
1 [1105 1207]
fit_val -0.6169322104292456
2 [1105 1207]
fit_val -0.6169322104292456
3 [1105 1207]
fit_val -0.6169322104292456
4 [1105 1207]
fit_val -0.6169322104292456
5 [1105 1207]
fit_val -0.6162130245410911
6 [1105  923]
0 [737, 839]
fit_val -0.6171262415867591
1 [1105 1207]
0 [737, 839]
fit_val -0.6175029205193164
1 [1105 1207]
0 [737, 839]
fit_val -0.617924695054568
1 [1105 1207]
fit_val -0.6161144809945274
2 [1105 1207]
fit_val -0.6161144809945274
3 [1105 1207]
fit_val -0.6161144809945274
4 [1105 1207]
fit_val -0.6161144809945274
5 [1105 1207]
0 [737, 839]
fit_val -0.6177105080537859
1 [1105 1207]
0 [737, 839]
fit_val -0.6170473807436467
1 [1105 1207]
0 [737, 839]
fit_val -0.6179817284426512
1 [1105 1207]
fit_val -0.6165139081798525
2 [1105 1207]
fit_val -0.6165139081798525
3 [1105 1207]
fit_val -0.6165139081798525
4 [1105 1207]
fit_val -0.6163998165705445
5 [1105  908]
0 [737, 839]
fit_val -0.6176324774078482
1 [1105 1207]
0 [737, 839]
fit_val -0.6174220317815512
1 [1105 1207]
0 [737, 839]
fit_val -0.6178914647846164
1 [1105 1207]
fit_val -0.6166773794151971
2 [1105 1207]
fit_val -0.6166773794151971
3 [1105 1207]
fit_val -0.6166773794151971
4 [1105 1207]
fit_val -0.6166773794151971
5 [1105 1207]
fit_val -0.6164115902424581
6 [1105  923]
0 [737, 839]
fit_val -0.6168526888243352
1 [1105 1207]
0 [737, 839]
fit_val -0.6166291239513099
1 [1105 1207]
0 [737, 839]
fit_val -0.6165186016187163
1 [1105 1207]
0 [737, 839]
fit_val -0.6176739445667303
1 [1105 1207]
0 [737, 839]
fit_val -0.6191993593313854
1 [1105 1207]
fit_val -0.6174123536631747
2 [1105 1207]
fit_val -0.6174123536631747
3 [1105 1207]
fit_val -0.6174123536631747
4 [1105 1207]
fit_val -0.6174123536631747
5 [1105 1207]
fit_val -0.6171849964811594
6 [1105  923]
0 [737, 839]
fit_val -0.6177166324446806
1 [1105 1207]
fit_val -0.6164610165081061
2 [1105 1207]
fit_val -0.6164610165081061
3 [1105 1207]
fit_val -0.6164610165081061
4 [1105 1207]
fit_val -0.6164610165081061
5 [1105 1207]
0 [737, 839]
fit_val -0.6171899112104418
1 [1105 1207]
0 [737, 839]
fit_val -0.616615155347763
1 [1105 1207]
0 [737, 839]
fit_val -0.6169488578980651
1 [1105 1207]
0 [737, 839]
fit_val -0.6172256187597889
1 [1105 1207]
0 [737, 839]
fit_val -0.6170377343323039
1 [1105 1207]
0 [737, 839]
fit_val -0.6166434238611332
1 [1105 1207]
0 [737, 839]
fit_val -0.6166803825614147
1 [1105 1207]
0 [737, 839]
fit_val -0.6168090280556419
1 [1105 1207]
0 [737, 839]
fit_val -0.6186282661012902
1 [1105 1207]
fit_val -0.6172592257167735
2 [1105 1207]
fit_val -0.6172592257167735
3 [1105 1207]
fit_val -0.6172243888206681
4 [1105  892]
0 [737, 839]
fit_val -0.6166677542338083
1 [1105 1207]
0 [737, 839]
fit_val -0.6183963755174722
1 [1105 1207]
fit_val -0.6170591511303236
2 [1105 1207]
fit_val -0.6170591511303236
3 [1105 1207]
fit_val -0.6170591511303236
4 [1105 1207]
fit_val -0.6169275366858643
5 [1105  908]
0 [737, 839]
fit_val -0.6176023954448632
1 [1105 1207]
fit_val -0.616736564435856
2 [1105 1207]
fit_val -0.616736564435856
3 [1105 1207]
fit_val -0.6162757764998718
4 [1105  892]
0 [737, 839]
fit_val -0.6172526883864358
1 [1105 1207]
fit_val -0.6160660104682674
2 [1105 1207]
fit_val -0.6160660104682674
3 [1105 1207]
fit_val -0.6160660104682674
4 [1105 1207]
0 [737, 839]
fit_val -0.6187421317278694
1 [1105 1207]
fit_val -0.6171860712553436
2 [1105 1207]
fit_val -0.6171860712553436
3 [1105 1207]
fit_val -0.6171860712553436
4 [1105 1207]
fit_val -0.6169071012827733
5 [1105  908]
0 [737, 839]
fit_val -0.6176709151057954
1 [1105 1207]
fit_val -0.6163699237347583
2 [1105 1207]
fit_val -0.6163699237347583
3 [1105 1207]
fit_val -0.6163699237347583
4 [1105 1207]
fit_val -0.6161933560046357
5 [1105  908]
0 [737, 839]
fit_val -0.6164817730381037
1 [1105 1207]
0 [737, 839]
fit_val -0.6189161454990041
1 [1105 1207]
fit_val -0.6175486511635249
2 [1105 1207]
fit_val -0.6175486511635249
3 [1105 1207]
fit_val -0.6175061286084844
4 [1105  892]
0 [737, 839]
fit_val -0.6186745854315681
1 [1105 1207]
fit_val -0.6166793607016673
2 [1105 1207]
fit_val -0.6166793607016673
3 [1105 1207]
fit_val -0.6166793607016673
4 [1105 1207]
fit_val -0.6166793607016673
5 [1105 1207]
fit_val -0.6166793607016673
6 [1105 1207]
fit_val -0.6166349757542889
7 [1105  937]
0 [737, 839]
fit_val -0.6170062802128401
1 [1105 1207]
0 [737, 839]
fit_val -0.6163520227653027
1 [1105 1207]
0 [737, 839]
fit_val -0.6181698960800184
1 [1105 1207]
fit_val -0.6167433483279979
2 [1105 1207]
fit_val -0.6167433483279979
3 [1105 1207]
fit_val -0.6167433483279979
4 [1105 1207]
fit_val -0.6167433483279979
5 [1105 1207]
fit_val -0.6162470977505488
6 [1105  923]
0 [737, 839]
fit_val -0.6191046692905811
1 [1105 1207]
fit_val -0.6168550254050786
2 [1105 1207]
fit_val -0.6168550254050786
3 [1105 1207]
fit_val -0.6168550254050786
4 [1105 1207]
fit_val -0.6168550254050786
5 [1105 1207]
fit_val -0.6168550254050786
6 [1105 1207]
fit_val -0.6167114238107476
7 [1105  937]
0 [737, 839]
fit_val -0.617570342104705
1 [1105 1207]
0 [737, 839]
0 [737, 839]
0 [737, 839]
fit_val -0.6164557917875159
1 [1105 1207]
0 [737, 839]
fit_val -0.6182739878814965
1 [1105 1207]
fit_val -0.6165008102286478
2 [1105 1207]
fit_val -0.6165008102286478
3 [1105 1207]
fit_val -0.6165008102286478
4 [1105 1207]
fit_val -0.6165002812848086
5 [1105  908]
0 [737, 839]
fit_val -0.6175246408493755
1 [1105 1207]
0 [737, 839]
fit_val -0.6164369226215621
1 [1105 1207]
0 [737, 839]
fit_val -0.6173133237606123
1 [1105 1207]
0 [737, 839]
fit_val -0.6180253211911658
1 [1105 1207]
fit_val -0.6165854163036785
2 [1105 1207]
fit_val -0.6165854163036785
3 [1105 1207]
fit_val -0.6165854163036785
4 [1105 1207]
fit_val -0.6162092592551336
5 [1105  908]
0 [737, 839]
fit_val -0.616984675025479
1 [1105 1207]
0 [737, 839]
fit_val -0.6182039207277132
1 [1105 1207]
fit_val -0.6167642194219416
2 [1105 1207]
fit_val -0.6167642194219416
3 [1105 1207]
fit_val -0.6167642194219416
4 [1105 1207]
fit_val -0.6167512921163194
5 [1105  908]
0 [737, 839]
fit_val -0.6169738560853597
1 [1105 1207]
0 [737, 839]
fit_val -0.6187923552093397
1 [1105 1207]
fit_val -0.6170219701430422
2 [1105 1207]
fit_val -0.6170219701430422
3 [1105 1207]
fit_val -0.6170219701430422
4 [1105 1207]
fit_val -0.6170219701430422
5 [1105 1207]
fit_val -0.6170193468888531
6 [1105  923]
0 [737, 839]
fit_val -0.6179424181442192
1 [1105 1207]
fit_val -0.6166360237698538
2 [1105 1207]
fit_val -0.6166360237698538
3 [1105 1207]
fit_val -0.6165686911917098
4 [1105  892]
0 [737, 839]
fit_val -0.6189099539194809
1 [1105 1207]
fit_val -0.617340413516073
2 [1105 1207]
fit_val -0.617340413516073
3 [1105 1207]
fit_val -0.617340413516073
4 [1105 1207]
fit_val -0.6171945740815717
5 [1105  908]
0 [737, 839]
fit_val -0.617740619615701
1 [1105 1207]
0 [737, 839]
fit_val -0.617307360467511
1 [1105 1207]
0 [737, 839]
fit_val -0.6169812175357539
1 [1105 1207]
0 [737, 839]
fit_val -0.6179564573673373
1 [1105 1207]
fit_val -0.6164666371660142
2 [1105 1207]
fit_val -0.6164666371660142
3 [1105 1207]
fit_val -0.6164666371660142
4 [1105 1207]
fit_val -0.6164007096401507
5 [1105  908]
0 [737, 839]
fit_val -0.618667292758579
1 [1105 1207]
fit_val -0.6170968240951887
2 [1105 1207]
fit_val -0.6170968240951887
3 [1105 1207]
fit_val -0.6170968240951887
4 [1105 1207]
fit_val -0.6170968240951887
5 [1105 1207]
fit_val -0.6166978247378434
6 [1105  923]
0 [737, 839]
fit_val -0.6167909443696322
1 [1105 1207]
0 [737, 839]
fit_val -0.6174990569983403
1 [1105 1207]
fit_val -0.6162069538552748
2 [1105 1207]
fit_val -0.6162069538552748
3 [1105 1207]
fit_val -0.6161345887272478
4 [1105  892]
0 [737, 839]
fit_val -0.618481739883304
1 [1105 1207]
fit_val -0.6166095247478246
2 [1105 1207]
fit_val -0.6166095247478246
3 [1105 1207]
fit_val -0.6166095247478246
4 [1105 1207]
fit_val -0.6166095247478246
5 [1105 1207]
fit_val -0.6165171655053507
6 [1105  923]
0 [737, 839]
fit_val -0.6177608524611305
1 [1105 1207]
0 [737, 839]
fit_val -0.6184503683726964
1 [1105 1207]
fit_val -0.6165403847115813
2 [1105 1207]
fit_val -0.6165403847115813
3 [1105 1207]
fit_val -0.6165403847115813
4 [1105 1207]
fit_val -0.6165403847115813
5 [1105 1207]
fit_val -0.6164313934535615
6 [1105  923]
0 [737, 839]
fit_val -0.6170407640514886
1 [1105 1207]
fit_val -0.616162012240141
2 [1105 1207]
fit_val -0.6161299195916079
3 [1105  875]
0 [737, 839]
fit_val -0.6173262959930003
1 [1105 1207]
0 [737, 839]
fit_val -0.6191504198438633
1 [1105 1207]
fit_val -0.6176150298878066
2 [1105 1207]
fit_val -0.6176150298878066
3 [1105 1207]
fit_val -0.6176150298878066
4 [1105 1207]
fit_val -0.6176150298878066
5 [1105 1207]
fit_val -0.6176150298878066
6 [1105 1207]
fit_val -0.6171045115989523
7 [1105  937]
0 [737, 839]
fit_val -0.6180475354357533
1 [1105 1207]
fit_val -0.6160993994527743
2 [1105 1207]
fit_val -0.6160993994527743
3 [1105 1207]
fit_val -0.6160993994527743
4 [1105 1207]
fit_val -0.6160993994527743
5 [1105 1207]
fit_val -0.6160993994527743
6 [1105 1207]
0 [737, 839]
fit_val -0.6187885051094515
1 [1105 1207]
fit_val -0.6170264242521581
2 [1105 1207]
fit_val -0.6170264242521581
3 [1105 1207]
fit_val -0.6170264242521581
4 [1105 1207]
fit_val -0.6168927015021276
5 [1105  908]
0 [737, 839]
fit_val -0.617920868319387
1 [1105 1207]
fit_val -0.6165071693240654
2 [1105 1207]
fit_val -0.6165071693240654
3 [1105 1207]
fit_val -0.6165071693240654
4 [1105 1207]
fit_val -0.6165071693240654
5 [1105 1207]
fit_val -0.6165067275717143
6 [1105  923]
0 [737, 839]
fit_val -0.6169594658140451
1 [1105 1207]
0 [737, 839]
fit_val -0.6186550997114197
1 [1105 1207]
fit_val -0.6164138236101203
2 [1105 1207]
fit_val -0.6164138236101203
3 [1105 1207]
fit_val -0.6164138236101203
4 [1105 1207]
fit_val -0.6164138236101203
5 [1105 1207]
fit_val -0.6162465232578263
6 [1105  923]
0 [737, 839]
fit_val -0.6180461484859314
1 [1105 1207]
fit_val -0.6167050512361405
2 [1105 1207]
fit_val -0.6167050512361405
3 [1105 1207]
fit_val -0.6167050512361405
4 [1105 1207]
fit_val -0.6165550787162264
5 [1105  908]
0 [737, 839]
fit_val -0.6169000545902952
1 [1105 1207]
0 [737, 839]
fit_val -0.6190446650709107
1 [1105 1207]
fit_val -0.6171081732560483
2 [1105 1207]
fit_val -0.6171081732560483
3 [1105 1207]
fit_val -0.6171081732560483
4 [1105 1207]
fit_val -0.6171081732560483
5 [1105 1207]
fit_val -0.6171081732560483
6 [1105 1207]
fit_val -0.6167286149517294
7 [1105  937]
0 [737, 839]
fit_val -0.6184036898925365
1 [1105 1207]
fit_val -0.6170485101745165
2 [1105 1207]
fit_val -0.6170485101745165
3 [1105 1207]
fit_val -0.6170485101745165
4 [1105 1207]
fit_val -0.6164933697304161
5 [1105  908]
0 [737, 839]
fit_val -0.6184428841436388
1 [1105 1207]
fit_val -0.6170798272308528
2 [1105 1207]
fit_val -0.6170798272308528
3 [1105 1207]
fit_val -0.6170061702545112
4 [1105  892]
0 [737, 839]
fit_val -0.6174017049896585
1 [1105 1207]
0 [737, 839]
fit_val -0.6161842094738708
1 [1105 1207]
0 [737, 839]
fit_val -0.6168571706228937
1 [1105 1207]
0 [737, 839]
fit_val -0.6174510632675749
1 [1105 1207]
0 [737, 839]
fit_val -0.6177721686633922
1 [1105 1207]
0 [737, 839]
fit_val -0.6185637596824546
1 [1105 1207]
fit_val -0.6164633796619708
2 [1105 1207]
fit_val -0.6164633796619708
3 [1105 1207]
fit_val -0.6164633796619708
4 [1105 1207]
fit_val -0.6164633796619708
5 [1105 1207]
fit_val -0.6162987040137281
6 [1105  923]
0 [737, 839]
fit_val -0.6186200933928
1 [1105 1207]
fit_val -0.616842268276054
2 [1105 1207]
fit_val -0.616842268276054
3 [1105 1207]
fit_val -0.616842268276054
4 [1105 1207]
fit_val -0.6168391215687662
5 [1105  908]
0     0:05:50.856978
1     0:06:35.655494
2     0:01:40.723860
3     0:06:35.977645
4     0:04:45.162747
           ...      
95    0:01:40.065721
96    0:01:40.942577
97    0:06:53.988186
98    0:06:46.690884
99    0:05:39.106055
Name: proc_time, Length: 100, dtype: object
